/BATCH  
/COM,ANSYS RELEASE Release 19.1      BUILD 19.1      UP20180418       10:12:13
SAVE
!*  
/NOPR   
KEYW,PR_SET,1   
KEYW,PR_STRUC,1 
KEYW,PR_THERM,0 
KEYW,PR_FLUID,0 
KEYW,PR_ELMAG,0 
KEYW,MAGNOD,0   
KEYW,MAGEDG,0   
KEYW,MAGHFE,0   
KEYW,MAGELC,0   
KEYW,PR_MULTI,0 
/GO 
!*  
/COM,   
/COM,Preferences for GUI filtering have been set to display:
/COM,  Structural   
!*  
/PREP7  
!*  
ET,1,BEAM188
!*  
*SET,L,3.2  
*SET,A,2.1e-2   
*SET,B,4.9e-2   
SECTYPE,   1, BEAM, RECT, , 0   
SECOFFSET, CENT 
SECDATA,A,B,0,0,0,0,0,0,0,0,0,0 
!*  
MPTEMP,,,,,,,,  
MPTEMP,1,0  
MPDATA,EX,1,,2.2e11 
MPDATA,PRXY,1,,0.33 
K,0,0,0,0,  
K,1,1.6,0,0,
K,2,3.2,0,0,
K,2,3.2,0,0,
K,3,3.2,0,0,
K,3,3.2,0,0,
KDELE,       1  
KDELE,       2  
KDELE,       3  
K,0,0,0,0,  
K,1,1.6,0,0,
K,2,3.2,0,0,
K,2,3.2,0,0,
