/BATCH  
/COM,ANSYS RELEASE Release 19.1      BUILD 19.1      UP20180418       06:16:14
/input,menust,tmp,''
/GRA,POWER
/GST,ON
/PLO,INFO,3
/GRO,CURL,ON
/CPLANE,1   
/REPLOT,RESIZE  
WPSTYLE,,,,,,,,0
/REPLOT,RESIZE  
!*  
/NOPR   
KEYW,PR_SET,1   
KEYW,PR_STRUC,1 
KEYW,PR_THERM,0 
KEYW,PR_FLUID,0 
KEYW,PR_ELMAG,0 
KEYW,MAGNOD,0   
KEYW,MAGEDG,0   
KEYW,MAGHFE,0   
KEYW,MAGELC,0   
KEYW,PR_MULTI,0 
/GO 
!*  
/COM,   
/COM,Preferences for GUI filtering have been set to display:
/COM,  Structural   
!*  
/PREP7  
!*  
ET,1,BEAM188
!*  
*SET,L,3.2  
*SET,A,2.1/100  
*SET,B,4.9/100  
SECTYPE,   1, BEAM, RECT, , 0   
SECOFFSET, CENT 
SECDATA,B,A,0,0,0,0,0,0,0,0,0,0 
!*  
MPTEMP,,,,,,,,  
MPTEMP,1,0  
MPDATA,EX,1,,2.2e11 
MPDATA,PRXY,1,,0.33 
K,1,0,0,0,  
K,2,1.6,0,0,
K,3,3.2,0,0,
K,3,3.2,0,0,
LSTR,       1,       2  
LSTR,       2,       3  
FLST,5,1,4,ORDE,1   
FITEM,5,1   
CM,_Y,LINE  
LSEL, , , ,P51X 
CM,_Y1,LINE 
CMSEL,,_Y   
!*  
LESIZE,_Y1, , ,2, , , , ,1  
!*  
FLST,5,1,4,ORDE,1   
FITEM,5,2   
CM,_Y,LINE  
LSEL, , , ,P51X 
CM,_Y1,LINE 
CMSEL,,_Y   
!*  
LESIZE,_Y1, , ,2, , , , ,1  
!*  
FLST,2,2,4,ORDE,2   
FITEM,2,1   
FITEM,2,-2  
LMESH,P51X  
GPLOT   
/PNUM,KP,0  
/PNUM,LINE,1
/PNUM,AREA,0
/PNUM,VOLU,0
/PNUM,NODE,1
/PNUM,TABN,0
/PNUM,SVAL,0
/PNUM,DOMA,0
/NUMBER,0   
!*  
/PNUM,ELEM,0
/REPLOT 
!*  
FLST,2,1,1,ORDE,1   
FITEM,2,1   
!*  
/GO 
D,P51X, ,0, , , ,UX,UY,UZ,ROTX, ,   
FLST,2,5,1,ORDE,2   
FITEM,2,1   
FITEM,2,-5  
!*  
/GO 
D,P51X, ,0, , , ,UZ,ROTX, , , , 
FLST,2,1,1,ORDE,1   
FITEM,2,2   
!*  
/GO 
F,P51X,FX,-100  
FLST,2,1,1,ORDE,1   
FITEM,2,4   
!*  
/GO 
F,P51X,FX,-100  
SAVE
FINISH  
/SOL
PSTRES,1
/STATUS,SOLU
SOLVE   
FINISH  
/SOL
ANTYPE,1
! Extract te first four modes   
BUCOPT,LANB,4,0,0,CENTER
MXPAND,4,0,0,0,0.001,   
/STATUS,SOLU
SOLVE   
FINISH  
/POST1  
SET,LIST
! LGWRITE,'tasktwo','lgw','C:\Users\plincoln\Desktop\',COMMENT  
FINISH  
! /EXIT,MODEL   
